<?xml version="1.0" encoding="UTF-8"?>
<!-- Generated by org.testng.reporters.JUnitReportReporter -->
<testsuite hostname="PrasadSiva" name="Academy.validateNavigationBar" tests="1" failures="0" timestamp="17 Mar 2019 04:19:03 GMT" time="0.052" errors="0">
  <testcase name="basepagenavigation" time="0.052" classname="Academy.validateNavigationBar"/>
</testsuite> <!-- Academy.validateNavigationBar -->
