<?xml version="1.0" encoding="UTF-8"?>
<!-- Generated by org.testng.reporters.JUnitReportReporter -->
<testsuite hostname="PrasadSiva" name="Academy.HomePage" tests="2" failures="0" timestamp="17 Mar 2019 04:19:03 GMT" time="59.618" errors="0">
  <testcase name="basepagenavigation" time="18.101" classname="Academy.HomePage"/>
  <testcase name="basepagenavigation" time="41.517" classname="Academy.HomePage"/>
</testsuite> <!-- Academy.HomePage -->
