<?xml version="1.0" encoding="UTF-8"?>
<!-- Generated by org.testng.reporters.JUnitReportReporter -->
<testsuite hostname="SivaPrasadKadiyala" name="Database.DBTesting" tests="1" failures="0" timestamp="3 Sep 2019 19:06:30 GMT" time="3.423" errors="0">
  <testcase name="selectQuery" time="3.423" classname="Database.DBTesting"/>
</testsuite> <!-- Database.DBTesting -->
