<?xml version="1.0" encoding="UTF-8"?>
<!-- Generated by org.testng.reporters.JUnitReportReporter -->
<testsuite hostname="PrasadSiva" name="Academy.HomePage" tests="2" failures="0" timestamp="17 Mar 2019 05:58:43 GMT" time="53.604" errors="0">
  <testcase name="HomepageLoginValidation" time="35.598" classname="Academy.HomePage"/>
  <testcase name="HomepageLoginValidation" time="18.006" classname="Academy.HomePage"/>
</testsuite> <!-- Academy.HomePage -->
