<?xml version="1.0" encoding="UTF-8"?>
<!-- Generated by org.testng.reporters.JUnitReportReporter -->
<testsuite hostname="PrasadSiva" name="Academy.validateNavigationBar" tests="1" failures="0" timestamp="17 Mar 2019 05:58:43 GMT" time="0.054" errors="0">
  <testcase name="NavBarValidation" time="0.054" classname="Academy.validateNavigationBar"/>
</testsuite> <!-- Academy.validateNavigationBar -->
